<?xml version="1.0" encoding="UTF-8"?><testsuite errors="0" failures="1" name="Academy Choucair" skipped="0" tests="1" time="33.95" timestamp="2021-02-14 08:04:46"><testcase name="Search for a automation course"><failure message="Expected enabled element was not enabled" type="net.thucydides.core.webdriver.exceptions.ElementShouldBeEnabledException">Expected enabled element was not enabled</failure><system-err>Expected enabled element was not enabled&#13;
co.com.choucair.certification.academy.tasks.Search.performAs(Search.java:24)&#13;
co.com.choucair.certification.academy.stepdefinitions.ChoucairAcademyStepDefintions.he_search_for_the_course_on_the_choucair_academy_platform(ChoucairAcademyStepDefintions.java:33)&#13;
cucumber.runner.Runner.runPickle(Runner.java:80)&#13;
</system-err></testcase></testsuite>