<?xml version="1.0" encoding="UTF-8"?><testsuite errors="1" failures="0" name="Academy Choucair" skipped="0" tests="1" time="19.76" timestamp="2021-02-14 07:34:02"><testcase name="Search for a automation course"><error message="Arity mismatch: Step Definition 'co.com.choucair.certification.academy.stepdefinitions.ChoucairAcademyStepDefintions.he_search_for_the_course_on_the_choucair_academy_platform(String) in file:/C:/Users/cmoreraz/projects/choucairacademy/build/classes/java/test/' with pattern [he search for the course on the choucair academy platform] is declared with 1 parameters. However, the gherkin step has 0 arguments []. &#10;Step text: he search for the course on the choucair academy platform" type="cucumber.runtime.CucumberException">Arity mismatch: Step Definition 'co.com.choucair.certification.academy.stepdefinitions.ChoucairAcademyStepDefintions.he_search_for_the_course_on_the_choucair_academy_platform(String) in file:/C:/Users/cmoreraz/projects/choucairacademy/build/classes/java/test/' with pattern [he search for the course on the choucair academy platform] is declared with 1 parameters. However, the gherkin step has 0 arguments []. 
Step text: he search for the course on the choucair academy platform</error><system-err>Arity mismatch: Step Definition 'co.com.choucair.certification.academy.stepdefinitions.ChoucairAcademyStepDefintions.he_search_for_the_course_on_the_choucair_academy_platform(String) in file:/C:/Users/cmoreraz/projects/choucairacademy/build/classes/java/test/' with pattern [he search for the course on the choucair academy platform] is declared with 1 parameters. However, the gherkin step has 0 arguments []. 
Step text: he search for the course on the choucair academy platform&#13;
cucumber.runner.Runner.runPickle(Runner.java:80)&#13;
</system-err></testcase></testsuite>